#
# A fatal error has been detected by the Java Runtime Environment:
#
#  EXCEPTION_ACCESS_VIOLATION (0xc0000005) at pc=0x000001d11ff204a0, pid=920, tid=0x0000000000002318
#
# JRE version: Java(TM) SE Runtime Environment (8.0_112-b15) (build 1.8.0_112-b15)
# Java VM: Java HotSpot(TM) 64-Bit Server VM (25.112-b15 mixed mode windows-amd64 compressed oops)
# Problematic frame:
# C  0x000001d11ff204a0
#
# Failed to write core dump. Minidumps are not enabled by default on client versions of Windows
#
# If you would like to submit a bug report, please visit:
#   http://bugreport.java.com/bugreport/crash.jsp
# The crash happened outside the Java Virtual Machine in native code.
# See problematic frame for where to report the bug.
#

---------------  T H R E A D  ---------------

Current thread (0x000001d1049d5000):  JavaThread "main" [_thread_in_native, id=8984, stack(0x0000002ba9300000,0x0000002ba9400000)]

siginfo: ExceptionCode=0xc0000005, ExceptionInformation=0x0000000000000008 0x000001d11ff204a0

Registers:
RAX=0x000001d11ff204a0, RBX=0x0000000000000000, RCX=0x000001d1049de680, RDX=0x0000002ba93fe700
RSP=0x0000002ba93fe6c8, RBP=0x0000002ba93fe710, RSI=0x0000000000000000, RDI=0x0000000000000000
R8 =0xf820939fca95f307, R9 =0x00007ffc1dce37a0, R10=0xf820939fca95f307, R11=0x0000939f356dc831
R12=0x00007ffbed79bdf0, R13=0x000001d11feb5050, R14=0x0000002ba93fe800, R15=0x0000002ba93fe778
RIP=0x000001d11ff204a0, EFLAGS=0x0000000000010283

Top of Stack: (sp=0x0000002ba93fe6c8)
0x0000002ba93fe6c8:   00007ffc1dc407bf 0000000000000000
0x0000002ba93fe6d8:   0000000000000000 0000002ba93fe800
0x0000002ba93fe6e8:   00007ffc1688467a 000001d1049de680
0x0000002ba93fe6f8:   000001d11ff204a0 000001d102161cd0
0x0000002ba93fe708:   0000000000000000 0000002ba93fec98
0x0000002ba93fe718:   0000002ba93fe840 0000000000000000
0x0000002ba93fe728:   00007ffc1dc405f1 0000002ba93fe840
0x0000002ba93fe738:   000001d11feb5050 0000000000000000
0x0000002ba93fe748:   0000000000000000 000000007fffffff
0x0000002ba93fe758:   0000000000000000 0000002ba93fe870
0x0000002ba93fe768:   00007ffc1dc4095c 0000002ba93fe840
0x0000002ba93fe778:   0000000000000000 0000002ba93fec78
0x0000002ba93fe788:   00007ffc1dd170e0 0000002ba93fe880
0x0000002ba93fe798:   000000000a90306d 0000000000000000
0x0000002ba93fe7a8:   000000000000003f 000001d104aa0020
0x0000002ba93fe7b8:   0000002ba93fe880 000001d1205a0840 

Instructions: (pc=0x000001d11ff204a0)
0x000001d11ff20480:   00 00 00 00 00 00 00 00 00 00 00 00 00 00 00 00
0x000001d11ff20490:   00 00 00 00 00 00 00 00 0d 00 00 00 02 00 05 00
0x000001d11ff204a0:   80 28 d3 1f d1 01 00 00 02 00 00 00 a8 03 00 00
0x000001d11ff204b0:   02 00 00 00 a8 03 00 00 a8 03 00 00 00 00 00 00 


Register to memory mapping:

RAX=0x000001d11ff204a0 is an unknown value
RBX=0x0000000000000000 is an unknown value
RCX=0x000001d1049de680 is an unknown value
RDX=0x0000002ba93fe700 is pointing into the stack for thread: 0x000001d1049d5000
RSP=0x0000002ba93fe6c8 is pointing into the stack for thread: 0x000001d1049d5000
RBP=0x0000002ba93fe710 is pointing into the stack for thread: 0x000001d1049d5000
RSI=0x0000000000000000 is an unknown value
RDI=0x0000000000000000 is an unknown value
R8 =0xf820939fca95f307 is an unknown value
R9 =0x00007ffc1dce37a0 is an unknown value
R10=0xf820939fca95f307 is an unknown value
R11=0x0000939f356dc831 is an unknown value
R12=0x00007ffbed79bdf0 is an unknown value
R13=0x000001d11feb5050 is an unknown value
R14=0x0000002ba93fe800 is pointing into the stack for thread: 0x000001d1049d5000
R15=0x0000002ba93fe778 is pointing into the stack for thread: 0x000001d1049d5000


Stack: [0x0000002ba9300000,0x0000002ba9400000],  sp=0x0000002ba93fe6c8,  free space=1017k
Native frames: (J=compiled Java code, j=interpreted, Vv=VM code, C=native code)
C  0x000001d11ff204a0

Java frames: (J=compiled Java code, j=interpreted, Vv=VM code)
j  ui.data.common.parami.ParamMgr_getValueAsBool(JLjava/lang/String;)Z+0
j  ui.data.common.w.dC(Ljava/lang/String;)Z+5
j  ui.data.common.w.vF()Z+5
j  ui.g.q.vF()Z+18
j  ui.g.q.dIp()Ljava/lang/String;+6
j  ui.PlanAhead.<clinit>()V+639
v  ~StubRoutines::call_stub

---------------  P R O C E S S  ---------------

Java Threads: ( => current thread )
  0x000001d1080c7800 JavaThread "Service Thread" daemon [_thread_blocked, id=4204, stack(0x0000002bab000000,0x0000002bab500000)]
  0x000001d11f5d1000 JavaThread "C1 CompilerThread2" daemon [_thread_blocked, id=5464, stack(0x0000002baaf00000,0x0000002bab000000)]
  0x000001d11f5d2000 JavaThread "C2 CompilerThread1" daemon [_thread_blocked, id=10096, stack(0x0000002baae00000,0x0000002baaf00000)]
  0x000001d11f5d3000 JavaThread "C2 CompilerThread0" daemon [_thread_blocked, id=7636, stack(0x0000002baad00000,0x0000002baae00000)]
  0x000001d11f5d4800 JavaThread "Attach Listener" daemon [_thread_blocked, id=9200, stack(0x0000002baa800000,0x0000002baad00000)]
  0x000001d11f5d5800 JavaThread "Signal Dispatcher" daemon [_thread_blocked, id=5544, stack(0x0000002baa300000,0x0000002baa800000)]
  0x000001d117708800 JavaThread "Finalizer" daemon [_thread_blocked, id=9800, stack(0x0000002ba9e00000,0x0000002baa300000)]
  0x000001d11770b800 JavaThread "Reference Handler" daemon [_thread_blocked, id=6160, stack(0x0000002ba9900000,0x0000002ba9e00000)]
=>0x000001d1049d5000 JavaThread "main" [_thread_in_native, id=8984, stack(0x0000002ba9300000,0x0000002ba9400000)]

Other Threads:
  0x000001d1085a1000 VMThread [stack: 0x0000002ba9800000,0x0000002ba9900000] [id=10108]
  0x000001d11f717800 WatcherThread [stack: 0x0000002bab500000,0x0000002bab600000] [id=9524]

VM state:not at safepoint (normal execution)

VM Mutex/Monitor currently owned by a thread: None

Heap:
 PSYoungGen      total 53760K, used 7389K [0x00000007bc400000, 0x00000007c0000000, 0x00000007c0000000)
  eden space 46080K, 16% used [0x00000007bc400000,0x00000007bcb37508,0x00000007bf100000)
  from space 7680K, 0% used [0x00000007bf880000,0x00000007bf880000,0x00000007c0000000)
  to   space 7680K, 0% used [0x00000007bf100000,0x00000007bf100000,0x00000007bf880000)
 ParOldGen       total 69632K, used 0K [0x0000000700000000, 0x0000000704400000, 0x00000007bc400000)
  object space 69632K, 0% used [0x0000000700000000,0x0000000700000000,0x0000000704400000)
 Metaspace       used 6793K, capacity 6954K, committed 7168K, reserved 1056768K
  class space    used 668K, capacity 727K, committed 768K, reserved 1048576K

Card table byte_map: [0x000001d117b00000,0x000001d118110000] byte_map_base: 0x000001d114300000

Marking Bits: (ParMarkBitMap*) 0x0000000055afa6d0
 Begin Bits: [0x000001d118700000, 0x000001d11b700000)
 End Bits:   [0x000001d11b700000, 0x000001d11e700000)

Polling page: 0x000001d103ab0000

CodeCache: size=245760Kb used=2101Kb max_used=2101Kb free=243658Kb
 bounds [0x000001d108640000, 0x000001d1088b0000, 0x000001d117640000]
 total_blobs=754 nmethods=419 adapters=248
 compilation: enabled

Compilation events (10 events):
Event: 3.852 Thread 0x000001d11f5d1000  415       3       java.lang.Character::digit (10 bytes)
Event: 3.852 Thread 0x000001d11f5d1000 nmethod 415 0x000001d108848ad0 code [0x000001d108848c40, 0x000001d108848e80]
Event: 3.852 Thread 0x000001d11f5d1000  416       3       java.lang.CharacterDataLatin1::digit (91 bytes)
Event: 3.852 Thread 0x000001d11f5d1000 nmethod 416 0x000001d108848f50 code [0x000001d1088490c0, 0x000001d108849458]
Event: 3.855 Thread 0x000001d11f5d2000  417       4       java.lang.String::<init> (82 bytes)
Event: 3.858 Thread 0x000001d11f5d2000 nmethod 417 0x000001d10884cf10 code [0x000001d10884d060, 0x000001d10884d358]
Event: 3.890 Thread 0x000001d11f5d1000  418       3       sun.net.www.ParseUtil::encodePath (336 bytes)
Event: 3.891 Thread 0x000001d11f5d1000 nmethod 418 0x000001d10884b4d0 code [0x000001d10884b740, 0x000001d10884c760]
Event: 3.892 Thread 0x000001d11f5d1000  419       1       java.util.jar.Manifest::getEntries (5 bytes)
Event: 3.892 Thread 0x000001d11f5d1000 nmethod 419 0x000001d10884a010 code [0x000001d10884a160, 0x000001d10884a278]

GC Heap History (0 events):
No events

Deoptimization events (1 events):
Event: 1.926 Thread 0x000001d1049d5000 Uncommon trap: reason=unstable_if action=reinterpret pc=0x000001d1087687c8 method=java.lang.String.hashCode()I @ 14

Internal exceptions (10 events):
Event: 2.172 Thread 0x000001d1049d5000 Exception <a 'java/security/PrivilegedActionException'> (0x00000007bc7a81e8) thrown at [C:\re\workspace\8-2-build-windows-amd64-cygwin\jdk8u112\7884\hotspot\src\share\vm\prims\jvm.cpp, line 1390]
Event: 3.269 Thread 0x000001d1049d5000 Exception <a 'java/security/PrivilegedActionException'> (0x00000007bc87cc80) thrown at [C:\re\workspace\8-2-build-windows-amd64-cygwin\jdk8u112\7884\hotspot\src\share\vm\prims\jvm.cpp, line 1390]
Event: 3.269 Thread 0x000001d1049d5000 Exception <a 'java/security/PrivilegedActionException'> (0x00000007bc87d078) thrown at [C:\re\workspace\8-2-build-windows-amd64-cygwin\jdk8u112\7884\hotspot\src\share\vm\prims\jvm.cpp, line 1390]
Event: 3.269 Thread 0x000001d1049d5000 Exception <a 'java/security/PrivilegedActionException'> (0x00000007bc87f050) thrown at [C:\re\workspace\8-2-build-windows-amd64-cygwin\jdk8u112\7884\hotspot\src\share\vm\prims\jvm.cpp, line 1390]
Event: 3.269 Thread 0x000001d1049d5000 Exception <a 'java/security/PrivilegedActionException'> (0x00000007bc87f448) thrown at [C:\re\workspace\8-2-build-windows-amd64-cygwin\jdk8u112\7884\hotspot\src\share\vm\prims\jvm.cpp, line 1390]
Event: 3.280 Thread 0x000001d1049d5000 Exception <a 'java/security/PrivilegedActionException'> (0x00000007bc8835f0) thrown at [C:\re\workspace\8-2-build-windows-amd64-cygwin\jdk8u112\7884\hotspot\src\share\vm\prims\jvm.cpp, line 1390]
Event: 3.280 Thread 0x000001d1049d5000 Exception <a 'java/security/PrivilegedActionException'> (0x00000007bc8839e8) thrown at [C:\re\workspace\8-2-build-windows-amd64-cygwin\jdk8u112\7884\hotspot\src\share\vm\prims\jvm.cpp, line 1390]
Event: 3.460 Thread 0x000001d1049d5000 Exception <a 'java/io/FileNotFoundException'> (0x00000007bc8ed350) thrown at [C:\re\workspace\8-2-build-windows-amd64-cygwin\jdk8u112\7884\hotspot\src\share\vm\prims\jni.cpp, line 709]
Event: 3.717 Thread 0x000001d1049d5000 Exception <a 'java/lang/NoSuchFieldError': method resolution failed> (0x00000007bc9ba8e8) thrown at [C:\re\workspace\8-2-build-windows-amd64-cygwin\jdk8u112\7884\hotspot\src\share\vm\prims\methodHandles.cpp, line 1146]
Event: 3.718 Thread 0x000001d1049d5000 Exception <a 'java/lang/NoSuchFieldError': method resolution failed> (0x00000007bc9c7cb8) thrown at [C:\re\workspace\8-2-build-windows-amd64-cygwin\jdk8u112\7884\hotspot\src\share\vm\prims\methodHandles.cpp, line 1146]

Events (10 events):
Event: 3.895 loading class java/util/concurrent/TimeUnit$5
Event: 3.895 loading class java/util/concurrent/TimeUnit$5 done
Event: 3.895 loading class java/util/concurrent/TimeUnit$6
Event: 3.895 loading class java/util/concurrent/TimeUnit$6 done
Event: 3.895 loading class java/util/concurrent/TimeUnit$7
Event: 3.895 loading class java/util/concurrent/TimeUnit$7 done
Event: 3.895 loading class ui/frmwork/a/c
Event: 3.895 loading class ui/frmwork/a/c done
Event: 3.896 loading class ui/data/device/devmodeli
Event: 3.896 loading class ui/data/device/devmodeli done


Dynamic libraries:
0x00007ff62f070000 - 0x00007ff62f0a2000 	D:\Vivado\Vivado\2017.2\bin\unwrapped\win64.o\vivado.exe
0x00007ffc20960000 - 0x00007ffc20b40000 	C:\WINDOWS\SYSTEM32\ntdll.dll
0x00007ffc1fe70000 - 0x00007ffc1ff1e000 	C:\WINDOWS\System32\KERNEL32.DLL
0x00007ffc1d960000 - 0x00007ffc1dbc6000 	C:\WINDOWS\System32\KERNELBASE.dll
0x00007ffc1dc30000 - 0x00007ffc1dd26000 	C:\WINDOWS\System32\ucrtbase.dll
0x00007ffc15920000 - 0x00007ffc15934000 	D:\Vivado\Vivado\2017.2\lib\win64.o\libboost_signals.dll
0x00007ffc16850000 - 0x00007ffc168ed000 	C:\WINDOWS\SYSTEM32\MSVCP140.dll
0x00007ffc14dd0000 - 0x00007ffc14de4000 	D:\Vivado\Vivado\2017.2\lib\win64.o\librdi_commonmain.dll
0x00007ffc16a70000 - 0x00007ffc16a87000 	C:\WINDOWS\SYSTEM32\VCRUNTIME140.dll
0x00007ffbecc40000 - 0x00007ffbed84f000 	D:\Vivado\Vivado\2017.2\lib\win64.o\librdi_common.dll
0x000000000a900000 - 0x000000000a983000 	D:\Vivado\Vivado\2017.2\lib\win64.o\SHSMP64.dll
0x00007ffc1ffa0000 - 0x00007ffc2012e000 	C:\WINDOWS\System32\USER32.dll
0x00007ffc1cf30000 - 0x00007ffc1cf50000 	C:\WINDOWS\System32\win32u.dll
0x00007ffc1e2a0000 - 0x00007ffc1e2c8000 	C:\WINDOWS\System32\GDI32.dll
0x00007ffc1d720000 - 0x00007ffc1d8b1000 	C:\WINDOWS\System32\gdi32full.dll
0x00007ffc20140000 - 0x00007ffc201e1000 	C:\WINDOWS\System32\ADVAPI32.dll
0x00007ffc1d8c0000 - 0x00007ffc1d95b000 	C:\WINDOWS\System32\msvcp_win.dll
0x00007ffc1f710000 - 0x00007ffc1f7ad000 	C:\WINDOWS\System32\msvcrt.dll
0x00007ffc201f0000 - 0x00007ffc2024b000 	C:\WINDOWS\System32\sechost.dll
0x00007ffc20500000 - 0x00007ffc2061f000 	C:\WINDOWS\System32\RPCRT4.dll
0x00007ffc1e2d0000 - 0x00007ffc1f707000 	C:\WINDOWS\System32\SHELL32.dll
0x00007ffc14c10000 - 0x00007ffc14c36000 	D:\Vivado\Vivado\2017.2\lib\win64.o\libboost_filesystem.dll
0x00007ffc165f0000 - 0x00007ffc165fa000 	D:\Vivado\Vivado\2017.2\lib\win64.o\librdi_commonversion.dll
0x00007ffbfb610000 - 0x00007ffbfb711000 	D:\Vivado\Vivado\2017.2\lib\win64.o\librdi_commonxillic.dll
0x00007ffc1dde0000 - 0x00007ffc1de2a000 	C:\WINDOWS\System32\cfgmgr32.dll
0x0000000055b80000 - 0x0000000055cab000 	D:\Vivado\Vivado\2017.2\lib\win64.o\tcl85t.dll
0x00007ffbf96a0000 - 0x00007ffbf9a0e000 	D:\Vivado\Vivado\2017.2\lib\win64.o\libCOIN-all.dll
0x00007ffc1ff20000 - 0x00007ffc1ff8c000 	C:\WINDOWS\System32\WS2_32.dll
0x00007ffbeb330000 - 0x00007ffbeb621000 	D:\Vivado\Vivado\2017.2\lib\win64.o\libXil_lmgr11.dll
0x00007ffc1f7b0000 - 0x00007ffc1f8ba000 	C:\WINDOWS\System32\COMDLG32.dll
0x00007ffc20620000 - 0x00007ffc20928000 	C:\WINDOWS\System32\combase.dll
0x00007ffc1d6a0000 - 0x00007ffc1d712000 	C:\WINDOWS\System32\bcryptPrimitives.dll
0x00007ffc20250000 - 0x00007ffc202f6000 	C:\WINDOWS\System32\shcore.dll
0x00007ffc1df00000 - 0x00007ffc1df51000 	C:\WINDOWS\System32\SHLWAPI.dll
0x00007ffc1cf50000 - 0x00007ffc1d697000 	C:\WINDOWS\System32\windows.storage.dll
0x00007ffc1ccd0000 - 0x00007ffc1cce1000 	C:\WINDOWS\System32\kernel.appcore.dll
0x00007ffc1e000000 - 0x00007ffc1e0c5000 	C:\WINDOWS\System32\OLEAUT32.dll
0x00007ffc1cd10000 - 0x00007ffc1cd5c000 	C:\WINDOWS\System32\powrprof.dll
0x00007ffc1f8c0000 - 0x00007ffc1fa09000 	C:\WINDOWS\System32\ole32.dll
0x00007ffc1ccb0000 - 0x00007ffc1cccb000 	C:\WINDOWS\System32\profapi.dll
0x00007ffc14db0000 - 0x00007ffc14dc4000 	D:\Vivado\Vivado\2017.2\lib\win64.o\libboost_date_time.dll
0x00007ffc1dbd0000 - 0x00007ffc1dc28000 	C:\WINDOWS\System32\WINTRUST.dll
0x00007ffc1ccf0000 - 0x00007ffc1cd02000 	C:\WINDOWS\System32\MSASN1.dll
0x00007ffc1cd60000 - 0x00007ffc1cf2e000 	C:\WINDOWS\System32\CRYPT32.dll
0x00007ffc09590000 - 0x00007ffc0960e000 	D:\Vivado\Vivado\2017.2\lib\win64.o\libboost_program_options.dll
0x00007ffbfb2f0000 - 0x00007ffbfb3fd000 	D:\Vivado\Vivado\2017.2\lib\win64.o\libboost_regex.dll
0x00007ffc14c00000 - 0x00007ffc14c0b000 	D:\Vivado\Vivado\2017.2\lib\win64.o\libboost_system.dll
0x00007ffc13c30000 - 0x00007ffc13c50000 	D:\Vivado\Vivado\2017.2\lib\win64.o\libboost_thread.dll
0x00007ffc13c20000 - 0x00007ffc13c2f000 	D:\Vivado\Vivado\2017.2\lib\win64.o\libboost_xilinx.dll
0x00007ffc05070000 - 0x00007ffc050f2000 	D:\Vivado\Vivado\2017.2\lib\win64.o\libhdlpsolve.dll
0x00007ffbfbdb0000 - 0x00007ffbfbe55000 	D:\Vivado\Vivado\2017.2\lib\win64.o\libhdxml.dll
0x00007ffc13380000 - 0x00007ffc133ae000 	D:\Vivado\Vivado\2017.2\lib\win64.o\libisl_sysinfo.dll
0x00007ffbeaf50000 - 0x00007ffbeb32e000 	D:\Vivado\Vivado\2017.2\lib\win64.o\libisl_iostreams.dll
0x00007ffc13210000 - 0x00007ffc13225000 	D:\Vivado\Vivado\2017.2\lib\win64.o\pthreadVC2.dll
0x00007ffbfa6f0000 - 0x00007ffbfa841000 	D:\Vivado\Vivado\2017.2\lib\win64.o\librdi_curl.dll
0x00007ffc12c10000 - 0x00007ffc12c2c000 	D:\Vivado\Vivado\2017.2\lib\win64.o\librdiconfig.dll
0x00007ffc129c0000 - 0x00007ffc129e1000 	D:\Vivado\Vivado\2017.2\lib\win64.o\librdizlib.dll
0x00000000552e0000 - 0x0000000055b7a000 	D:\Vivado\Vivado\2017.2\tps\win64\jre\bin\server\jvm.dll
0x0000000012000000 - 0x0000000012272000 	D:\Vivado\Vivado\2017.2\lib\win64.o\xerces-c_3_1.dll
0x00007ffc15b90000 - 0x00007ffc15b9a000 	C:\WINDOWS\SYSTEM32\VERSION.dll
0x00007ffc20130000 - 0x00007ffc20138000 	C:\WINDOWS\System32\PSAPI.DLL
0x00007ffc06e80000 - 0x00007ffc071b4000 	C:\WINDOWS\SYSTEM32\WININET.dll
0x00007ffc13830000 - 0x00007ffc1390e000 	C:\WINDOWS\SYSTEM32\WINHTTP.dll
0x00007ffc0d6f0000 - 0x00007ffc0d8bc000 	C:\WINDOWS\SYSTEM32\urlmon.dll
0x00007ffc1dfe0000 - 0x00007ffc1dffd000 	C:\WINDOWS\System32\imagehlp.dll
0x00007ffc17310000 - 0x00007ffc17327000 	C:\WINDOWS\SYSTEM32\NETAPI32.dll
0x00007ffc06930000 - 0x00007ffc069d6000 	C:\WINDOWS\WinSxS\amd64_microsoft.windows.common-controls_6595b64144ccf1df_5.82.16299.15_none_e47c14a8033886fc\COMCTL32.dll
0x00007ffc17550000 - 0x00007ffc17559000 	C:\WINDOWS\SYSTEM32\WSOCK32.dll
0x00007ffc15270000 - 0x00007ffc1533e000 	C:\WINDOWS\SYSTEM32\MSVCR110.dll
0x00007ffc0a060000 - 0x00007ffc0a08e000 	C:\WINDOWS\SYSTEM32\VCOMP140.DLL
0x00007ffbea0b0000 - 0x00007ffbeaf41000 	D:\Vivado\Vivado\2017.2\lib\win64.o\gurobi65.dll
0x00007ffc13370000 - 0x00007ffc1337d000 	D:\Vivado\Vivado\2017.2\lib\win64.o\libboost_chrono.dll
0x00007ffc11900000 - 0x00007ffc1191b000 	D:\Vivado\Vivado\2017.2\lib\win64.o\libboost_iostreams.dll
0x00007ffc09560000 - 0x00007ffc09585000 	D:\Vivado\Vivado\2017.2\lib\win64.o\libisl_iosutils.dll
0x00007ffc0f070000 - 0x00007ffc0f093000 	C:\WINDOWS\SYSTEM32\WINMM.dll
0x00007ffc0d450000 - 0x00007ffc0d6e9000 	C:\WINDOWS\SYSTEM32\iertutil.dll
0x0000000055200000 - 0x00000000552d2000 	D:\Vivado\Vivado\2017.2\tps\win64\jre\bin\MSVCR100.dll
0x00007ffc0f040000 - 0x00007ffc0f06a000 	C:\WINDOWS\SYSTEM32\WINMMBASE.dll
0x00007ffc1c670000 - 0x00007ffc1c67b000 	C:\WINDOWS\SYSTEM32\CRYPTBASE.DLL
0x00007ffc1ded0000 - 0x00007ffc1defd000 	C:\WINDOWS\System32\IMM32.DLL
0x00007ffbe9c40000 - 0x00007ffbea0a3000 	D:\Vivado\Vivado\2017.2\lib\win64.o\librdi_commontasks.dll
0x00007ffbebaf0000 - 0x00007ffbebd1a000 	D:\Vivado\Vivado\2017.2\lib\win64.o\librdi_sio.dll
0x00007ffc1c240000 - 0x00007ffc1c279000 	C:\WINDOWS\SYSTEM32\IPHLPAPI.DLL
0x00007ffbe63e0000 - 0x00007ffbe8361000 	D:\Vivado\Vivado\2017.2\lib\win64.o\librdi_tcltasks.dll
0x00007ffbe98d0000 - 0x00007ffbe9c32000 	D:\Vivado\Vivado\2017.2\lib\win64.o\librdi_bitstream.dll
0x00007ffbeefd0000 - 0x00007ffbef145000 	D:\Vivado\Vivado\2017.2\lib\win64.o\librdi_board.dll
0x00007ffc03750000 - 0x00007ffc037b8000 	D:\Vivado\Vivado\2017.2\lib\win64.o\librdi_boarddep.dll
0x00007ffbe96b0000 - 0x00007ffbe98c9000 	D:\Vivado\Vivado\2017.2\lib\win64.o\librdi_chipscope.dll
0x00007ffbe4ee0000 - 0x00007ffbe63d6000 	D:\Vivado\Vivado\2017.2\lib\win64.o\librdi_constraints.dll
0x00007ffbec510000 - 0x00007ffbec60e000 	D:\Vivado\Vivado\2017.2\lib\win64.o\librdi_containers.dll
0x00007ffbe23f0000 - 0x00007ffbe4edf000 	D:\Vivado\Vivado\2017.2\lib\win64.o\librdi_coregen.dll
0x00007ffbde960000 - 0x00007ffbe23ed000 	D:\Vivado\Vivado\2017.2\lib\win64.o\librdi_designutils.dll
0x00007ffbe9450000 - 0x00007ffbe96b0000 	D:\Vivado\Vivado\2017.2\lib\win64.o\librdi_dlyest.dll
0x00007ffbd2880000 - 0x00007ffbde95b000 	D:\Vivado\Vivado\2017.2\lib\win64.o\librdi_device.dll
0x00007ffbfa0f0000 - 0x00007ffbfa1be000 	D:\Vivado\Vivado\2017.2\lib\win64.o\librdi_dsp.dll
0x00007ffbe8f40000 - 0x00007ffbe9443000 	D:\Vivado\Vivado\2017.2\lib\win64.o\librdi_drc.dll
0x00007ffbd2340000 - 0x00007ffbd2880000 	D:\Vivado\Vivado\2017.2\lib\win64.o\librdi_filemgmt.dll
0x00007ffbd1420000 - 0x00007ffbd2333000 	D:\Vivado\Vivado\2017.2\lib\win64.o\librdi_implflow.dll
0x00007ffbd11a0000 - 0x00007ffbd141a000 	D:\Vivado\Vivado\2017.2\lib\win64.o\librdi_guitools.dll
0x00007ffbcf250000 - 0x00007ffbd1199000 	D:\Vivado\Vivado\2017.2\lib\win64.o\librdi_mig.dll
0x00007ffbcedc0000 - 0x00007ffbcf245000 	D:\Vivado\Vivado\2017.2\lib\win64.o\librdi_netlist.dll
0x00007ffc034c0000 - 0x00007ffc03501000 	D:\Vivado\Vivado\2017.2\lib\win64.o\librdi_pfi.dll
0x00007ffbcd160000 - 0x00007ffbcedba000 	D:\Vivado\Vivado\2017.2\lib\win64.o\librdi_place.dll
0x00007ffbccfa0000 - 0x00007ffbcd15b000 	D:\Vivado\Vivado\2017.2\lib\win64.o\librdi_platform.dll
0x00007ffbcc920000 - 0x00007ffbccf95000 	D:\Vivado\Vivado\2017.2\lib\win64.o\librdi_power.dll
0x00007ffbcc410000 - 0x00007ffbcc91e000 	D:\Vivado\Vivado\2017.2\lib\win64.o\librdi_project.dll
0x00007ffbcbe20000 - 0x00007ffbcc402000 	D:\Vivado\Vivado\2017.2\lib\win64.o\librdi_psta.dll
0x00007ffbcb740000 - 0x00007ffbcbe13000 	D:\Vivado\Vivado\2017.2\lib\win64.o\librdi_rsb.dll
0x00007ffbcb3c0000 - 0x00007ffbcb738000 	D:\Vivado\Vivado\2017.2\lib\win64.o\librdi_runs.dll
0x00007ffbf8560000 - 0x00007ffbf85e9000 	D:\Vivado\Vivado\2017.2\lib\win64.o\librdi_runsbase.dll
0x00007ffbcadc0000 - 0x00007ffbcb3b4000 	D:\Vivado\Vivado\2017.2\lib\win64.o\librdi_memdata.dll
0x00007ffbcac10000 - 0x00007ffbcadbe000 	D:\Vivado\Vivado\2017.2\lib\win64.o\librdi_simdata.dll
0x00007ffbca040000 - 0x00007ffbcac09000 	D:\Vivado\Vivado\2017.2\lib\win64.o\librdi_timing.dll
0x00007ffbfb5a0000 - 0x00007ffbfb605000 	D:\Vivado\Vivado\2017.2\lib\win64.o\liblmx6.0.dll
0x00007ffbc9970000 - 0x00007ffbca036000 	D:\Vivado\Vivado\2017.2\lib\win64.o\librdi_coregenipxact.dll
0x00007ffbc8ef0000 - 0x00007ffbc9962000 	D:\Vivado\Vivado\2017.2\lib\win64.o\libverific.dll
0x00007ffbfbd60000 - 0x00007ffbfbdab000 	D:\Vivado\Vivado\2017.2\lib\win64.o\libboost_serialization.dll
0x00007ffbc89a0000 - 0x00007ffbc8eee000 	D:\Vivado\Vivado\2017.2\lib\win64.o\librdi_xdm.dll
0x00007ffbf40a0000 - 0x00007ffbf413e000 	D:\Vivado\Vivado\2017.2\lib\win64.o\libise.dll
0x00007ffbc8580000 - 0x00007ffbc899e000 	D:\Vivado\Vivado\2017.2\lib\win64.o\librdi_wavedata.dll
0x00007ffbc77e0000 - 0x00007ffbc857f000 	D:\Vivado\Vivado\2017.2\lib\win64.o\librdi_route.dll
0x00007ffbc75b0000 - 0x00007ffbc77d6000 	D:\Vivado\Vivado\2017.2\lib\win64.o\librdi_hsm.dll
0x00007ffbc6fe0000 - 0x00007ffbc75a2000 	D:\Vivado\Vivado\2017.2\lib\win64.o\librdi_abc_nomp.dll
0x00007ffc11830000 - 0x00007ffc1184a000 	D:\Vivado\Vivado\2017.2\lib\win64.o\librdi_hmetis.dll
0x00007ffbfb450000 - 0x00007ffbfb495000 	D:\Vivado\Vivado\2017.2\lib\win64.o\librdi_wavedata_SimpleApi.dll
0x00007ffbc68b0000 - 0x00007ffbc6fd6000 	D:\Vivado\Vivado\2017.2\lib\win64.o\librdi_labtools.dll
0x00007ffbfb290000 - 0x00007ffbfb2e2000 	D:\Vivado\Vivado\2017.2\lib\win64.o\librdi_projectbase.dll
0x00007ffbc4d20000 - 0x00007ffbc68b0000 	D:\Vivado\Vivado\2017.2\lib\win64.o\librdi_synth.dll

VM Arguments:
jvm_args: -Dsun.java2d.pmoffscreen=false -Dsun.java2d.d3d=false -Dsun.awt.nopixfmt=true -Xverify:none -Dswing.aatext=true -XX:-UsePerfData -Djdk.map.althashing.threshold=512 -XX:StringTableSize=4072 -XX:NewSize=60m -XX:MaxNewSize=60m -Xms128m -Xmx3072m -Xss5m 
java_command: <unknown>
java_class_path (initial): D:/Vivado/Vivado/2017.2\lib\classes\alloy.jar;D:/Vivado/Vivado/2017.2\lib\classes\batik-anim.jar;D:/Vivado/Vivado/2017.2\lib\classes\batik-awt-util.jar;D:/Vivado/Vivado/2017.2\lib\classes\batik-bridge.jar;D:/Vivado/Vivado/2017.2\lib\classes\batik-codec.jar;D:/Vivado/Vivado/2017.2\lib\classes\batik-css.jar;D:/Vivado/Vivado/2017.2\lib\classes\batik-dom.jar;D:/Vivado/Vivado/2017.2\lib\classes\batik-ext.jar;D:/Vivado/Vivado/2017.2\lib\classes\batik-gui-util.jar;D:/Vivado/Vivado/2017.2\lib\classes\batik-gvt.jar;D:/Vivado/Vivado/2017.2\lib\classes\batik-parser.jar;D:/Vivado/Vivado/2017.2\lib\classes\batik-script.jar;D:/Vivado/Vivado/2017.2\lib\classes\batik-svg-dom.jar;D:/Vivado/Vivado/2017.2\lib\classes\batik-swing.jar;D:/Vivado/Vivado/2017.2\lib\classes\batik-transcoder.jar;D:/Vivado/Vivado/2017.2\lib\classes\batik-util.jar;D:/Vivado/Vivado/2017.2\lib\classes\batik-xml.jar;D:/Vivado/Vivado/2017.2\lib\classes\commons-math-2.2.jar;D:/Vivado/Vivado/2017.2\lib\classes\dom4j-1.6.1.jar;D:/Vivado/Vivado/2017.2\lib\classes\forms.jar;D:/Vivado/Vivado/2017.2\lib\classes\guava-18.0.jar;D:/Vivado/Vivado/2017.2\lib\classes\help.jar;D:/Vivado/Vivado/2017.2\lib\classes\hsqldb.jar;D:/Vivado/Vivado/2017.2\lib\classes\jh.jar;D:/Vivado/Vivado/2017.2\lib\classes\jide-action.jar;D:/Vivado/Vivado/2017.2\lib\classes\jide-charts.jar;D:/Vivado/Vivado/2017.2\lib\classes\jide-common.jar;D:/Vivado/Vivado/2017.2\lib\classes\jide-components.jar;D:/Vivado/Vivado/2017.2\lib\classes\jide-dashboard.jar;D:/Vivado/Vivado/2017.2\lib\classes\jide-data.jar;D:/Vivado/Vivado/2017.2\lib\classes\jide-dialogs.jar;D:/Vivado/Vivado/2017.2\lib\classes\jide-diff.jar;D:/Vivado/Vivado/2017.2\lib\classes\jide-dock.jar;D:/Vivado/Vivado/2017.2\lib\classes\jide-editor.jar;D:/Vivado/Vivado/2017.2\lib\classes\jide-gantt.jar;D:/Vivado/Vivado/2017.2\lib\classes\jide-grids.jar;D:/Vivado/Vivado/2017.2\lib\classes\jide-pivot.jar;D:/Vivado/Vivado/2017.2\lib\classes\jide-plaf-jdk7.jar;D:/Vivado/Vivado/2
Launcher Type: generic

Environment Variables:
PATH=D:/Vivado/Vivado/2017.2/bin;D:/Vivado/Vivado/2017.2/lib/win64.o;D:/Vivado/Vivado/2017.2/tps/win64/jre/bin/server;D:/Vivado/Vivado/2017.2/tps/win64/jre/bin;D:/Vivado/SDK/2017.2/bin;D:/Vivado/Vivado/2017.2/ids_lite/ISE/bin/nt64;D:/Vivado/Vivado/2017.2/ids_lite/ISE/lib/nt64;D:/Vivado/Vivado_HLS/2017.2/bin;C:\WINDOWS\system32;C:\WINDOWS;C:\WINDOWS\System32\Wbem;C:\WINDOWS\System32\WindowsPowerShell\v1.0\;D:\MATLAB2015\runtime\win64;D:\MATLAB2015\bin;D:\MATLAB2015\polyspace\bin;C:\Users\Administrator\AppData\Local\Microsoft\WindowsApps;;D:/Vivado/Vivado/2017.2\tps\mingw\6.2.0\win64.o\nt\bin;D:/Vivado/Vivado/2017.2\tps\mingw\6.2.0\win64.o\nt\libexec\gcc\x86_64-w64-mingw32\6.2.0
USERNAME=Administrator
OS=Windows_NT
PROCESSOR_IDENTIFIER=Intel64 Family 6 Model 61 Stepping 4, GenuineIntel



---------------  S Y S T E M  ---------------

OS: Windows 10.0 , 64 bit Build 16299 (10.0.16299.15)

CPU:total 4 (2 cores per cpu, 2 threads per core) family 6 model 61 stepping 4, cmov, cx8, fxsr, mmx, sse, sse2, sse3, ssse3, sse4.1, sse4.2, popcnt, avx, avx2, aes, clmul, erms, 3dnowpref, lzcnt, ht, tsc, tscinvbit, bmi1, bmi2, adx

Memory: 4k page, physical 12500528k(9259364k free), swap 14990896k(11370604k free)

vm_info: Java HotSpot(TM) 64-Bit Server VM (25.112-b15) for windows-amd64 JRE (1.8.0_112-b15), built on Sep 22 2016 21:31:56 by "java_re" with MS VC++ 10.0 (VS2010)

time: Sat Apr 21 22:52:10 2018
elapsed time: 4 seconds (0d 0h 0m 4s)

