#
# A fatal error has been detected by the Java Runtime Environment:
#
#  EXCEPTION_ACCESS_VIOLATION (0xc0000005) at pc=0x000001c7889204a0, pid=1612, tid=0x0000000000001c98
#
# JRE version: Java(TM) SE Runtime Environment (8.0_112-b15) (build 1.8.0_112-b15)
# Java VM: Java HotSpot(TM) 64-Bit Server VM (25.112-b15 mixed mode windows-amd64 compressed oops)
# Problematic frame:
# C  0x000001c7889204a0
#
# Failed to write core dump. Minidumps are not enabled by default on client versions of Windows
#
# If you would like to submit a bug report, please visit:
#   http://bugreport.java.com/bugreport/crash.jsp
# The crash happened outside the Java Virtual Machine in native code.
# See problematic frame for where to report the bug.
#

---------------  T H R E A D  ---------------

Current thread (0x000001c7ece95000):  JavaThread "main" [_thread_in_native, id=7320, stack(0x0000007cd4d00000,0x0000007cd4e00000)]

siginfo: ExceptionCode=0xc0000005, ExceptionInformation=0x0000000000000008 0x000001c7889204a0

Registers:
RAX=0x000001c7889204a0, RBX=0x0000000000000000, RCX=0x000001c7ece9e680, RDX=0x0000007cd4dfe9d0
RSP=0x0000007cd4dfe998, RBP=0x0000007cd4dfe9e0, RSI=0x0000000000000000, RDI=0x0000000000000000
R8 =0x7ffcd3fd0380f690, R9 =0x00007ffc1dce37a0, R10=0x7ffcd3fd0380f690, R11=0x0000ce667f90f690
R12=0x00007ffbedb3bdf0, R13=0x000001c788a35050, R14=0x0000007cd4dfeb00, R15=0x0000007cd4dfea48
RIP=0x000001c7889204a0, EFLAGS=0x0000000000010203

Top of Stack: (sp=0x0000007cd4dfe998)
0x0000007cd4dfe998:   00007ffc1dc407bf 0000000000000000
0x0000007cd4dfe9a8:   0000000000000000 0000007cd4dfeb00
0x0000007cd4dfe9b8:   00007ffc14b8467a 000001c7ece9e680
0x0000007cd4dfe9c8:   000001c7889204a0 000001c7ea9d7f00
0x0000007cd4dfe9d8:   0000000000000000 0000007cd4dfef68
0x0000007cd4dfe9e8:   0000007cd4dfeb10 0000000000000000
0x0000007cd4dfe9f8:   00007ffc1dc405f1 0000007cd4dfeb10
0x0000007cd4dfea08:   000001c788a35050 0000000000000000
0x0000007cd4dfea18:   0000000000000000 000000007fffffff
0x0000007cd4dfea28:   0000000000000000 0000007cd4dfeb40
0x0000007cd4dfea38:   00007ffc1dc4095c 0000007cd4dfeb10
0x0000007cd4dfea48:   0000000000000000 0000007cd4dfef48
0x0000007cd4dfea58:   00007ffc1dd170e0 0000007cd4dfeb50
0x0000007cd4dfea68:   000000000a90306d 0000000000000000
0x0000007cd4dfea78:   000000000000003f 000001c7ed340020
0x0000007cd4dfea88:   0000007cd4dfeb50 000001c788ff0820 

Instructions: (pc=0x000001c7889204a0)
0x000001c788920480:   00 00 00 00 00 00 00 00 00 00 00 00 00 00 00 00
0x000001c788920490:   00 00 00 00 00 00 00 00 0d 00 00 00 02 00 05 00
0x000001c7889204a0:   10 27 58 88 c7 01 00 00 02 00 00 00 a8 03 00 00
0x000001c7889204b0:   02 00 00 00 a8 03 00 00 a8 03 00 00 00 00 00 00 


Register to memory mapping:

RAX=0x000001c7889204a0 is an unknown value
RBX=0x0000000000000000 is an unknown value
RCX=0x000001c7ece9e680 is an unknown value
RDX=0x0000007cd4dfe9d0 is pointing into the stack for thread: 0x000001c7ece95000
RSP=0x0000007cd4dfe998 is pointing into the stack for thread: 0x000001c7ece95000
RBP=0x0000007cd4dfe9e0 is pointing into the stack for thread: 0x000001c7ece95000
RSI=0x0000000000000000 is an unknown value
RDI=0x0000000000000000 is an unknown value
R8 =0x7ffcd3fd0380f690 is an unknown value
R9 =0x00007ffc1dce37a0 is an unknown value
R10=0x7ffcd3fd0380f690 is an unknown value
R11=0x0000ce667f90f690 is an unknown value
R12=0x00007ffbedb3bdf0 is an unknown value
R13=0x000001c788a35050 is an unknown value
R14=0x0000007cd4dfeb00 is pointing into the stack for thread: 0x000001c7ece95000
R15=0x0000007cd4dfea48 is pointing into the stack for thread: 0x000001c7ece95000


Stack: [0x0000007cd4d00000,0x0000007cd4e00000],  sp=0x0000007cd4dfe998,  free space=1018k
Native frames: (J=compiled Java code, j=interpreted, Vv=VM code, C=native code)
C  0x000001c7889204a0

Java frames: (J=compiled Java code, j=interpreted, Vv=VM code)
j  ui.data.common.parami.ParamMgr_getValueAsBool(JLjava/lang/String;)Z+0
j  ui.data.common.w.dC(Ljava/lang/String;)Z+5
j  ui.data.common.w.vF()Z+5
j  ui.g.q.vF()Z+18
j  ui.g.q.dIp()Ljava/lang/String;+6
j  ui.PlanAhead.<clinit>()V+639
v  ~StubRoutines::call_stub

---------------  P R O C E S S  ---------------

Java Threads: ( => current thread )
  0x000001c788007800 JavaThread "Service Thread" daemon [_thread_blocked, id=2760, stack(0x0000007cd6a00000,0x0000007cd6f00000)]
  0x000001c787f71000 JavaThread "C1 CompilerThread2" daemon [_thread_blocked, id=6232, stack(0x0000007cd6900000,0x0000007cd6a00000)]
  0x000001c787f72000 JavaThread "C2 CompilerThread1" daemon [_thread_blocked, id=6360, stack(0x0000007cd6800000,0x0000007cd6900000)]
  0x000001c787f73000 JavaThread "C2 CompilerThread0" daemon [_thread_blocked, id=6532, stack(0x0000007cd6700000,0x0000007cd6800000)]
  0x000001c787f74800 JavaThread "Attach Listener" daemon [_thread_blocked, id=4320, stack(0x0000007cd6200000,0x0000007cd6700000)]
  0x000001c787f75800 JavaThread "Signal Dispatcher" daemon [_thread_blocked, id=8152, stack(0x0000007cd5d00000,0x0000007cd6200000)]
  0x000001c787e31800 JavaThread "Finalizer" daemon [_thread_blocked, id=1164, stack(0x0000007cd5800000,0x0000007cd5d00000)]
  0x000001c787e3b800 JavaThread "Reference Handler" daemon [_thread_blocked, id=4052, stack(0x0000007cd5300000,0x0000007cd5800000)]
=>0x000001c7ece95000 JavaThread "main" [_thread_in_native, id=7320, stack(0x0000007cd4d00000,0x0000007cd4e00000)]

Other Threads:
  0x000001c7f0ec1000 VMThread [stack: 0x0000007cd5200000,0x0000007cd5300000] [id=4508]
  0x000001c787fb5800 WatcherThread [stack: 0x0000007cd6f00000,0x0000007cd7000000] [id=2756]

VM state:not at safepoint (normal execution)

VM Mutex/Monitor currently owned by a thread: None

Heap:
 PSYoungGen      total 53760K, used 7406K [0x00000007bc400000, 0x00000007c0000000, 0x00000007c0000000)
  eden space 46080K, 16% used [0x00000007bc400000,0x00000007bcb3b8d8,0x00000007bf100000)
  from space 7680K, 0% used [0x00000007bf880000,0x00000007bf880000,0x00000007c0000000)
  to   space 7680K, 0% used [0x00000007bf100000,0x00000007bf100000,0x00000007bf880000)
 ParOldGen       total 69632K, used 0K [0x0000000700000000, 0x0000000704400000, 0x00000007bc400000)
  object space 69632K, 0% used [0x0000000700000000,0x0000000700000000,0x0000000704400000)
 Metaspace       used 6793K, capacity 6950K, committed 7168K, reserved 1056768K
  class space    used 668K, capacity 727K, committed 768K, reserved 1048576K

Card table byte_map: [0x000001c7803c0000,0x000001c7809d0000] byte_map_base: 0x000001c77cbc0000

Marking Bits: (ParMarkBitMap*) 0x0000000055b7a6d0
 Begin Bits: [0x000001c780fc0000, 0x000001c783fc0000)
 End Bits:   [0x000001c783fc0000, 0x000001c786fc0000)

Polling page: 0x000001c7ec480000

CodeCache: size=245760Kb used=2122Kb max_used=2122Kb free=243637Kb
 bounds [0x000001c7f1000000, 0x000001c7f1270000, 0x000001c800000000]
 total_blobs=762 nmethods=427 adapters=248
 compilation: enabled

Compilation events (10 events):
Event: 4.383 Thread 0x000001c787f72000  423       4       java.lang.String::<init> (82 bytes)
Event: 4.385 Thread 0x000001c787f72000 nmethod 423 0x000001c7f1210e50 code [0x000001c7f1210fa0, 0x000001c7f1211298]
Event: 4.473 Thread 0x000001c787f71000  425       3       java.lang.ProcessEnvironment$NameComparator::compare (90 bytes)
Event: 4.475 Thread 0x000001c787f71000 nmethod 425 0x000001c7f120f490 code [0x000001c7f120f6c0, 0x000001c7f12103c0]
Event: 4.475 Thread 0x000001c787f71000  424       3       java.lang.ProcessEnvironment$NameComparator::compare (13 bytes)
Event: 4.475 Thread 0x000001c787f71000 nmethod 424 0x000001c7f120ee50 code [0x000001c7f120efc0, 0x000001c7f120f3b0]
Event: 4.491 Thread 0x000001c787f71000  426       1       java.util.jar.Manifest::getEntries (5 bytes)
Event: 4.492 Thread 0x000001c787f71000 nmethod 426 0x000001c7f12118d0 code [0x000001c7f1211a20, 0x000001c7f1211b38]
Event: 4.499 Thread 0x000001c787f71000  427       3       java.util.BitSet::get (69 bytes)
Event: 4.501 Thread 0x000001c787f71000 nmethod 427 0x000001c7f1211d90 code [0x000001c7f1211f80, 0x000001c7f1212910]

GC Heap History (0 events):
No events

Deoptimization events (1 events):
Event: 1.504 Thread 0x000001c7ece95000 Uncommon trap: reason=unstable_if action=reinterpret pc=0x000001c7f112a708 method=java.lang.String.hashCode()I @ 14

Internal exceptions (10 events):
Event: 1.883 Thread 0x000001c7ece95000 Exception <a 'java/security/PrivilegedActionException'> (0x00000007bc7a7e48) thrown at [C:\re\workspace\8-2-build-windows-amd64-cygwin\jdk8u112\7884\hotspot\src\share\vm\prims\jvm.cpp, line 1390]
Event: 3.764 Thread 0x000001c7ece95000 Exception <a 'java/security/PrivilegedActionException'> (0x00000007bc87c8e0) thrown at [C:\re\workspace\8-2-build-windows-amd64-cygwin\jdk8u112\7884\hotspot\src\share\vm\prims\jvm.cpp, line 1390]
Event: 3.764 Thread 0x000001c7ece95000 Exception <a 'java/security/PrivilegedActionException'> (0x00000007bc87ccd8) thrown at [C:\re\workspace\8-2-build-windows-amd64-cygwin\jdk8u112\7884\hotspot\src\share\vm\prims\jvm.cpp, line 1390]
Event: 3.764 Thread 0x000001c7ece95000 Exception <a 'java/security/PrivilegedActionException'> (0x00000007bc87ecb0) thrown at [C:\re\workspace\8-2-build-windows-amd64-cygwin\jdk8u112\7884\hotspot\src\share\vm\prims\jvm.cpp, line 1390]
Event: 3.764 Thread 0x000001c7ece95000 Exception <a 'java/security/PrivilegedActionException'> (0x00000007bc87f0a8) thrown at [C:\re\workspace\8-2-build-windows-amd64-cygwin\jdk8u112\7884\hotspot\src\share\vm\prims\jvm.cpp, line 1390]
Event: 3.802 Thread 0x000001c7ece95000 Exception <a 'java/security/PrivilegedActionException'> (0x00000007bc883270) thrown at [C:\re\workspace\8-2-build-windows-amd64-cygwin\jdk8u112\7884\hotspot\src\share\vm\prims\jvm.cpp, line 1390]
Event: 3.802 Thread 0x000001c7ece95000 Exception <a 'java/security/PrivilegedActionException'> (0x00000007bc883668) thrown at [C:\re\workspace\8-2-build-windows-amd64-cygwin\jdk8u112\7884\hotspot\src\share\vm\prims\jvm.cpp, line 1390]
Event: 4.154 Thread 0x000001c7ece95000 Exception <a 'java/io/FileNotFoundException'> (0x00000007bc8ecf78) thrown at [C:\re\workspace\8-2-build-windows-amd64-cygwin\jdk8u112\7884\hotspot\src\share\vm\prims\jni.cpp, line 709]
Event: 4.239 Thread 0x000001c7ece95000 Exception <a 'java/lang/NoSuchFieldError': method resolution failed> (0x00000007bc9ba468) thrown at [C:\re\workspace\8-2-build-windows-amd64-cygwin\jdk8u112\7884\hotspot\src\share\vm\prims\methodHandles.cpp, line 1146]
Event: 4.241 Thread 0x000001c7ece95000 Exception <a 'java/lang/NoSuchFieldError': method resolution failed> (0x00000007bc9c7838) thrown at [C:\re\workspace\8-2-build-windows-amd64-cygwin\jdk8u112\7884\hotspot\src\share\vm\prims\methodHandles.cpp, line 1146]

Events (10 events):
Event: 4.497 loading class java/util/concurrent/TimeUnit$5
Event: 4.498 loading class java/util/concurrent/TimeUnit$5 done
Event: 4.498 loading class java/util/concurrent/TimeUnit$6
Event: 4.498 loading class java/util/concurrent/TimeUnit$6 done
Event: 4.498 loading class java/util/concurrent/TimeUnit$7
Event: 4.499 loading class java/util/concurrent/TimeUnit$7 done
Event: 4.499 loading class ui/frmwork/a/c
Event: 4.499 loading class ui/frmwork/a/c done
Event: 4.500 loading class ui/data/device/devmodeli
Event: 4.500 loading class ui/data/device/devmodeli done


Dynamic libraries:
0x00007ff7e3e70000 - 0x00007ff7e3ea2000 	D:\Vivado\Vivado\2017.2\bin\unwrapped\win64.o\vivado.exe
0x00007ffc20960000 - 0x00007ffc20b40000 	C:\WINDOWS\SYSTEM32\ntdll.dll
0x00007ffc1fe70000 - 0x00007ffc1ff1e000 	C:\WINDOWS\System32\KERNEL32.DLL
0x00007ffc1d960000 - 0x00007ffc1dbc6000 	C:\WINDOWS\System32\KERNELBASE.dll
0x00007ffc1b110000 - 0x00007ffc1b197000 	C:\WINDOWS\SYSTEM32\apphelp.dll
0x00007ffc1dc30000 - 0x00007ffc1dd26000 	C:\WINDOWS\System32\ucrtbase.dll
0x00007ffc15ab0000 - 0x00007ffc15ac4000 	D:\Vivado\Vivado\2017.2\lib\win64.o\libboost_signals.dll
0x00007ffc14b50000 - 0x00007ffc14bed000 	C:\WINDOWS\SYSTEM32\MSVCP140.dll
0x00007ffc16c10000 - 0x00007ffc16c27000 	C:\WINDOWS\SYSTEM32\VCRUNTIME140.dll
0x00007ffc13330000 - 0x00007ffc13344000 	D:\Vivado\Vivado\2017.2\lib\win64.o\librdi_commonmain.dll
0x00007ffc0a060000 - 0x00007ffc0a086000 	D:\Vivado\Vivado\2017.2\lib\win64.o\libboost_filesystem.dll
0x00007ffc20140000 - 0x00007ffc201e1000 	C:\WINDOWS\System32\ADVAPI32.dll
0x00007ffc1f710000 - 0x00007ffc1f7ad000 	C:\WINDOWS\System32\msvcrt.dll
0x00007ffc201f0000 - 0x00007ffc2024b000 	C:\WINDOWS\System32\sechost.dll
0x00007ffc20500000 - 0x00007ffc2061f000 	C:\WINDOWS\System32\RPCRT4.dll
0x000000000a900000 - 0x000000000a983000 	D:\Vivado\Vivado\2017.2\lib\win64.o\SHSMP64.dll
0x00007ffc167b0000 - 0x00007ffc167ba000 	D:\Vivado\Vivado\2017.2\lib\win64.o\librdi_commonversion.dll
0x00007ffbecfe0000 - 0x00007ffbedbef000 	D:\Vivado\Vivado\2017.2\lib\win64.o\librdi_common.dll
0x00007ffc1ffa0000 - 0x00007ffc2012e000 	C:\WINDOWS\System32\USER32.dll
0x00007ffc1cf30000 - 0x00007ffc1cf50000 	C:\WINDOWS\System32\win32u.dll
0x00007ffc1e2a0000 - 0x00007ffc1e2c8000 	C:\WINDOWS\System32\GDI32.dll
0x00007ffc1d720000 - 0x00007ffc1d8b1000 	C:\WINDOWS\System32\gdi32full.dll
0x00007ffc1d8c0000 - 0x00007ffc1d95b000 	C:\WINDOWS\System32\msvcp_win.dll
0x00007ffbfb7e0000 - 0x00007ffbfb8e1000 	D:\Vivado\Vivado\2017.2\lib\win64.o\librdi_commonxillic.dll
0x00007ffc15aa0000 - 0x00007ffc15aab000 	D:\Vivado\Vivado\2017.2\lib\win64.o\libboost_system.dll
0x00007ffc15b90000 - 0x00007ffc15b9a000 	C:\WINDOWS\SYSTEM32\VERSION.dll
0x00007ffc1e2d0000 - 0x00007ffc1f707000 	C:\WINDOWS\System32\SHELL32.dll
0x00007ffc1dde0000 - 0x00007ffc1de2a000 	C:\WINDOWS\System32\cfgmgr32.dll
0x00007ffc20250000 - 0x00007ffc202f6000 	C:\WINDOWS\System32\shcore.dll
0x00007ffc20620000 - 0x00007ffc20928000 	C:\WINDOWS\System32\combase.dll
0x00007ffc1d6a0000 - 0x00007ffc1d712000 	C:\WINDOWS\System32\bcryptPrimitives.dll
0x00007ffc1cf50000 - 0x00007ffc1d697000 	C:\WINDOWS\System32\windows.storage.dll
0x00007ffc1df00000 - 0x00007ffc1df51000 	C:\WINDOWS\System32\shlwapi.dll
0x00007ffc1ccd0000 - 0x00007ffc1cce1000 	C:\WINDOWS\System32\kernel.appcore.dll
0x00007ffc1cd10000 - 0x00007ffc1cd5c000 	C:\WINDOWS\System32\powrprof.dll
0x00007ffc1ccb0000 - 0x00007ffc1cccb000 	C:\WINDOWS\System32\profapi.dll
0x0000000055c00000 - 0x0000000055d2b000 	D:\Vivado\Vivado\2017.2\lib\win64.o\tcl85t.dll
0x00007ffbfb480000 - 0x00007ffbfb58d000 	D:\Vivado\Vivado\2017.2\lib\win64.o\libboost_regex.dll
0x00007ffc1ff20000 - 0x00007ffc1ff8c000 	C:\WINDOWS\System32\WS2_32.dll
0x00007ffbefa20000 - 0x00007ffbefd11000 	D:\Vivado\Vivado\2017.2\lib\win64.o\libXil_lmgr11.dll
0x00007ffc03490000 - 0x00007ffc0350e000 	D:\Vivado\Vivado\2017.2\lib\win64.o\libboost_program_options.dll
0x00007ffc1f7b0000 - 0x00007ffc1f8ba000 	C:\WINDOWS\System32\COMDLG32.dll
0x00007ffc1e000000 - 0x00007ffc1e0c5000 	C:\WINDOWS\System32\OLEAUT32.dll
0x00007ffc1f8c0000 - 0x00007ffc1fa09000 	C:\WINDOWS\System32\ole32.dll
0x00007ffc1dbd0000 - 0x00007ffc1dc28000 	C:\WINDOWS\System32\WINTRUST.dll
0x00007ffc1ccf0000 - 0x00007ffc1cd02000 	C:\WINDOWS\System32\MSASN1.dll
0x00007ffc1cd60000 - 0x00007ffc1cf2e000 	C:\WINDOWS\System32\CRYPT32.dll
0x00007ffc14b10000 - 0x00007ffc14b1f000 	D:\Vivado\Vivado\2017.2\lib\win64.o\libboost_xilinx.dll
0x00007ffbecc70000 - 0x00007ffbecfde000 	D:\Vivado\Vivado\2017.2\lib\win64.o\libCOIN-all.dll
0x00007ffbfbdd0000 - 0x00007ffbfbe52000 	D:\Vivado\Vivado\2017.2\lib\win64.o\libhdlpsolve.dll
0x00007ffc11830000 - 0x00007ffc11844000 	D:\Vivado\Vivado\2017.2\lib\win64.o\libboost_date_time.dll
0x00007ffbec890000 - 0x00007ffbecc6e000 	D:\Vivado\Vivado\2017.2\lib\win64.o\libisl_iostreams.dll
0x00007ffc0cc10000 - 0x00007ffc0cc30000 	D:\Vivado\Vivado\2017.2\lib\win64.o\libboost_thread.dll
0x00007ffc079e0000 - 0x00007ffc07a0e000 	D:\Vivado\Vivado\2017.2\lib\win64.o\libisl_sysinfo.dll
0x00007ffc06b70000 - 0x00007ffc06b85000 	D:\Vivado\Vivado\2017.2\lib\win64.o\pthreadVC2.dll
0x00007ffc06aa0000 - 0x00007ffc06abc000 	D:\Vivado\Vivado\2017.2\lib\win64.o\librdiconfig.dll
0x00007ffbfa7a0000 - 0x00007ffbfa845000 	D:\Vivado\Vivado\2017.2\lib\win64.o\libhdxml.dll
0x00007ffc069e0000 - 0x00007ffc06a01000 	D:\Vivado\Vivado\2017.2\lib\win64.o\librdizlib.dll
0x00007ffc06e80000 - 0x00007ffc071b4000 	C:\WINDOWS\SYSTEM32\WININET.dll
0x00007ffc13830000 - 0x00007ffc1390e000 	C:\WINDOWS\SYSTEM32\WINHTTP.dll
0x00007ffc0d6f0000 - 0x00007ffc0d8bc000 	C:\WINDOWS\SYSTEM32\urlmon.dll
0x00007ffc1dfe0000 - 0x00007ffc1dffd000 	C:\WINDOWS\System32\imagehlp.dll
0x00007ffbf1ec0000 - 0x00007ffbf2011000 	D:\Vivado\Vivado\2017.2\lib\win64.o\librdi_curl.dll
0x0000000012000000 - 0x0000000012272000 	D:\Vivado\Vivado\2017.2\lib\win64.o\xerces-c_3_1.dll
0x00007ffbeae80000 - 0x00007ffbebd11000 	D:\Vivado\Vivado\2017.2\lib\win64.o\gurobi65.dll
0x00007ffc137d0000 - 0x00007ffc137d9000 	C:\WINDOWS\SYSTEM32\WSOCK32.dll
0x00007ffc05180000 - 0x00007ffc051ae000 	C:\WINDOWS\SYSTEM32\VCOMP140.DLL
0x00007ffc17310000 - 0x00007ffc17327000 	C:\WINDOWS\SYSTEM32\NETAPI32.dll
0x00007ffc06930000 - 0x00007ffc069d6000 	C:\WINDOWS\WinSxS\amd64_microsoft.windows.common-controls_6595b64144ccf1df_5.82.16299.15_none_e47c14a8033886fc\COMCTL32.dll
0x00007ffc15270000 - 0x00007ffc1533e000 	C:\WINDOWS\SYSTEM32\MSVCR110.dll
0x00007ffbfbda0000 - 0x00007ffbfbdc5000 	D:\Vivado\Vivado\2017.2\lib\win64.o\libisl_iosutils.dll
0x00007ffc0f800000 - 0x00007ffc0f80d000 	D:\Vivado\Vivado\2017.2\lib\win64.o\libboost_chrono.dll
0x00007ffc0d450000 - 0x00007ffc0d6e9000 	C:\WINDOWS\SYSTEM32\iertutil.dll
0x00007ffc1c670000 - 0x00007ffc1c67b000 	C:\WINDOWS\SYSTEM32\CRYPTBASE.DLL
0x00007ffc03270000 - 0x00007ffc0328b000 	D:\Vivado\Vivado\2017.2\lib\win64.o\libboost_iostreams.dll
0x0000000055360000 - 0x0000000055bfa000 	D:\Vivado\Vivado\2017.2\tps\win64\jre\bin\server\jvm.dll
0x00007ffc20130000 - 0x00007ffc20138000 	C:\WINDOWS\System32\PSAPI.DLL
0x00007ffc0f070000 - 0x00007ffc0f093000 	C:\WINDOWS\SYSTEM32\WINMM.dll
0x00007ffc0f040000 - 0x00007ffc0f06a000 	C:\WINDOWS\SYSTEM32\WINMMBASE.dll
0x0000000055280000 - 0x0000000055352000 	D:\Vivado\Vivado\2017.2\tps\win64\jre\bin\MSVCR100.dll
0x00007ffc1ded0000 - 0x00007ffc1defd000 	C:\WINDOWS\System32\IMM32.DLL
0x00007ffbec420000 - 0x00007ffbec883000 	D:\Vivado\Vivado\2017.2\lib\win64.o\librdi_commontasks.dll
0x00007ffbeac50000 - 0x00007ffbeae7a000 	D:\Vivado\Vivado\2017.2\lib\win64.o\librdi_sio.dll
0x00007ffc1c240000 - 0x00007ffc1c279000 	C:\WINDOWS\SYSTEM32\IPHLPAPI.DLL
0x00007ffbe8cc0000 - 0x00007ffbeac41000 	D:\Vivado\Vivado\2017.2\lib\win64.o\librdi_tcltasks.dll
0x00007ffbf0e30000 - 0x00007ffbf0fa5000 	D:\Vivado\Vivado\2017.2\lib\win64.o\librdi_board.dll
0x00007ffbe8950000 - 0x00007ffbe8cb2000 	D:\Vivado\Vivado\2017.2\lib\win64.o\librdi_bitstream.dll
0x00007ffbe8730000 - 0x00007ffbe8949000 	D:\Vivado\Vivado\2017.2\lib\win64.o\librdi_chipscope.dll
0x00007ffbfb770000 - 0x00007ffbfb7d8000 	D:\Vivado\Vivado\2017.2\lib\win64.o\librdi_boarddep.dll
0x00007ffbe8630000 - 0x00007ffbe872e000 	D:\Vivado\Vivado\2017.2\lib\win64.o\librdi_containers.dll
0x00007ffbe7130000 - 0x00007ffbe8626000 	D:\Vivado\Vivado\2017.2\lib\win64.o\librdi_constraints.dll
0x00007ffbe36a0000 - 0x00007ffbe712d000 	D:\Vivado\Vivado\2017.2\lib\win64.o\librdi_designutils.dll
0x00007ffbe0bb0000 - 0x00007ffbe369f000 	D:\Vivado\Vivado\2017.2\lib\win64.o\librdi_coregen.dll
0x00007ffbd4870000 - 0x00007ffbd4ad0000 	D:\Vivado\Vivado\2017.2\lib\win64.o\librdi_dlyest.dll
0x00007ffbd4ad0000 - 0x00007ffbe0bab000 	D:\Vivado\Vivado\2017.2\lib\win64.o\librdi_device.dll
0x00007ffbfa0f0000 - 0x00007ffbfa1be000 	D:\Vivado\Vivado\2017.2\lib\win64.o\librdi_dsp.dll
0x00007ffbd3e20000 - 0x00007ffbd4360000 	D:\Vivado\Vivado\2017.2\lib\win64.o\librdi_filemgmt.dll
0x00007ffbd4360000 - 0x00007ffbd4863000 	D:\Vivado\Vivado\2017.2\lib\win64.o\librdi_drc.dll
0x00007ffbd3ba0000 - 0x00007ffbd3e1a000 	D:\Vivado\Vivado\2017.2\lib\win64.o\librdi_guitools.dll
0x00007ffbd2680000 - 0x00007ffbd2c74000 	D:\Vivado\Vivado\2017.2\lib\win64.o\librdi_memdata.dll
0x00007ffbd2c80000 - 0x00007ffbd3b93000 	D:\Vivado\Vivado\2017.2\lib\win64.o\librdi_implflow.dll
0x00007ffbd21f0000 - 0x00007ffbd2675000 	D:\Vivado\Vivado\2017.2\lib\win64.o\librdi_netlist.dll
0x00007ffbfa750000 - 0x00007ffbfa791000 	D:\Vivado\Vivado\2017.2\lib\win64.o\librdi_pfi.dll
0x00007ffbce640000 - 0x00007ffbd029a000 	D:\Vivado\Vivado\2017.2\lib\win64.o\librdi_place.dll
0x00007ffbd02a0000 - 0x00007ffbd21e9000 	D:\Vivado\Vivado\2017.2\lib\win64.o\librdi_mig.dll
0x00007ffbcde00000 - 0x00007ffbcdfbb000 	D:\Vivado\Vivado\2017.2\lib\win64.o\librdi_platform.dll
0x00007ffbcdfc0000 - 0x00007ffbce635000 	D:\Vivado\Vivado\2017.2\lib\win64.o\librdi_power.dll
0x00007ffbcd8f0000 - 0x00007ffbcddfe000 	D:\Vivado\Vivado\2017.2\lib\win64.o\librdi_project.dll
0x00007ffbcd210000 - 0x00007ffbcd8e3000 	D:\Vivado\Vivado\2017.2\lib\win64.o\librdi_rsb.dll
0x00007ffbcc8a0000 - 0x00007ffbccc18000 	D:\Vivado\Vivado\2017.2\lib\win64.o\librdi_runs.dll
0x00007ffbccc20000 - 0x00007ffbcd202000 	D:\Vivado\Vivado\2017.2\lib\win64.o\librdi_psta.dll
0x00007ffbf9670000 - 0x00007ffbf96f9000 	D:\Vivado\Vivado\2017.2\lib\win64.o\librdi_runsbase.dll
0x00007ffbfa6e0000 - 0x00007ffbfa745000 	D:\Vivado\Vivado\2017.2\lib\win64.o\liblmx6.0.dll
0x00007ffbcbb20000 - 0x00007ffbcbcce000 	D:\Vivado\Vivado\2017.2\lib\win64.o\librdi_simdata.dll
0x00007ffbf8d60000 - 0x00007ffbf8dab000 	D:\Vivado\Vivado\2017.2\lib\win64.o\libboost_serialization.dll
0x00007ffbcbcd0000 - 0x00007ffbcc899000 	D:\Vivado\Vivado\2017.2\lib\win64.o\librdi_timing.dll
0x00007ffbf4090000 - 0x00007ffbf412e000 	D:\Vivado\Vivado\2017.2\lib\win64.o\libise.dll
0x00007ffbcb0a0000 - 0x00007ffbcbb12000 	D:\Vivado\Vivado\2017.2\lib\win64.o\libverific.dll
0x00007ffbca9d0000 - 0x00007ffbcb096000 	D:\Vivado\Vivado\2017.2\lib\win64.o\librdi_coregenipxact.dll
0x00007ffbca5b0000 - 0x00007ffbca9ce000 	D:\Vivado\Vivado\2017.2\lib\win64.o\librdi_wavedata.dll
0x00007ffbf8510000 - 0x00007ffbf8555000 	D:\Vivado\Vivado\2017.2\lib\win64.o\librdi_wavedata_SimpleApi.dll
0x00007ffbca060000 - 0x00007ffbca5ae000 	D:\Vivado\Vivado\2017.2\lib\win64.o\librdi_xdm.dll
0x00007ffbf64a0000 - 0x00007ffbf64e8000 	D:\Vivado\Vivado\2017.2\lib\win64.o\librdi_hdf.dll
0x00007ffbc9e30000 - 0x00007ffbca056000 	D:\Vivado\Vivado\2017.2\lib\win64.o\librdi_hsm.dll
0x00007ffbc9090000 - 0x00007ffbc9e2f000 	D:\Vivado\Vivado\2017.2\lib\win64.o\librdi_route.dll
0x00007ffbc8ac0000 - 0x00007ffbc9082000 	D:\Vivado\Vivado\2017.2\lib\win64.o\librdi_abc_nomp.dll
0x00007ffc13cf0000 - 0x00007ffc13d0a000 	D:\Vivado\Vivado\2017.2\lib\win64.o\librdi_hmetis.dll
0x00007ffbc8390000 - 0x00007ffbc8ab6000 	D:\Vivado\Vivado\2017.2\lib\win64.o\librdi_labtools.dll

VM Arguments:
jvm_args: -Dsun.java2d.pmoffscreen=false -Dsun.java2d.d3d=false -Dsun.awt.nopixfmt=true -Xverify:none -Dswing.aatext=true -XX:-UsePerfData -Djdk.map.althashing.threshold=512 -XX:StringTableSize=4072 -XX:NewSize=60m -XX:MaxNewSize=60m -Xms128m -Xmx3072m -Xss5m 
java_command: <unknown>
java_class_path (initial): D:/Vivado/Vivado/2017.2\lib\classes\alloy.jar;D:/Vivado/Vivado/2017.2\lib\classes\batik-anim.jar;D:/Vivado/Vivado/2017.2\lib\classes\batik-awt-util.jar;D:/Vivado/Vivado/2017.2\lib\classes\batik-bridge.jar;D:/Vivado/Vivado/2017.2\lib\classes\batik-codec.jar;D:/Vivado/Vivado/2017.2\lib\classes\batik-css.jar;D:/Vivado/Vivado/2017.2\lib\classes\batik-dom.jar;D:/Vivado/Vivado/2017.2\lib\classes\batik-ext.jar;D:/Vivado/Vivado/2017.2\lib\classes\batik-gui-util.jar;D:/Vivado/Vivado/2017.2\lib\classes\batik-gvt.jar;D:/Vivado/Vivado/2017.2\lib\classes\batik-parser.jar;D:/Vivado/Vivado/2017.2\lib\classes\batik-script.jar;D:/Vivado/Vivado/2017.2\lib\classes\batik-svg-dom.jar;D:/Vivado/Vivado/2017.2\lib\classes\batik-swing.jar;D:/Vivado/Vivado/2017.2\lib\classes\batik-transcoder.jar;D:/Vivado/Vivado/2017.2\lib\classes\batik-util.jar;D:/Vivado/Vivado/2017.2\lib\classes\batik-xml.jar;D:/Vivado/Vivado/2017.2\lib\classes\commons-math-2.2.jar;D:/Vivado/Vivado/2017.2\lib\classes\dom4j-1.6.1.jar;D:/Vivado/Vivado/2017.2\lib\classes\forms.jar;D:/Vivado/Vivado/2017.2\lib\classes\guava-18.0.jar;D:/Vivado/Vivado/2017.2\lib\classes\help.jar;D:/Vivado/Vivado/2017.2\lib\classes\hsqldb.jar;D:/Vivado/Vivado/2017.2\lib\classes\jh.jar;D:/Vivado/Vivado/2017.2\lib\classes\jide-action.jar;D:/Vivado/Vivado/2017.2\lib\classes\jide-charts.jar;D:/Vivado/Vivado/2017.2\lib\classes\jide-common.jar;D:/Vivado/Vivado/2017.2\lib\classes\jide-components.jar;D:/Vivado/Vivado/2017.2\lib\classes\jide-dashboard.jar;D:/Vivado/Vivado/2017.2\lib\classes\jide-data.jar;D:/Vivado/Vivado/2017.2\lib\classes\jide-dialogs.jar;D:/Vivado/Vivado/2017.2\lib\classes\jide-diff.jar;D:/Vivado/Vivado/2017.2\lib\classes\jide-dock.jar;D:/Vivado/Vivado/2017.2\lib\classes\jide-editor.jar;D:/Vivado/Vivado/2017.2\lib\classes\jide-gantt.jar;D:/Vivado/Vivado/2017.2\lib\classes\jide-grids.jar;D:/Vivado/Vivado/2017.2\lib\classes\jide-pivot.jar;D:/Vivado/Vivado/2017.2\lib\classes\jide-plaf-jdk7.jar;D:/Vivado/Vivado/2
Launcher Type: generic

Environment Variables:
PATH=D:/Vivado/Vivado/2017.2/bin;D:/Vivado/Vivado/2017.2/lib/win64.o;D:/Vivado/Vivado/2017.2/tps/win64/jre/bin/server;D:/Vivado/Vivado/2017.2/tps/win64/jre/bin;D:/Vivado/SDK/2017.2/bin;D:/Vivado/Vivado/2017.2/ids_lite/ISE/bin/nt64;D:/Vivado/Vivado/2017.2/ids_lite/ISE/lib/nt64;D:/Vivado/Vivado_HLS/2017.2/bin;C:\WINDOWS\system32;C:\WINDOWS;C:\WINDOWS\System32\Wbem;C:\WINDOWS\System32\WindowsPowerShell\v1.0\;D:\MATLAB2015\runtime\win64;D:\MATLAB2015\bin;D:\MATLAB2015\polyspace\bin;C:\Users\Administrator\AppData\Local\Microsoft\WindowsApps;;D:/Vivado/Vivado/2017.2\tps\mingw\6.2.0\win64.o\nt\bin;D:/Vivado/Vivado/2017.2\tps\mingw\6.2.0\win64.o\nt\libexec\gcc\x86_64-w64-mingw32\6.2.0
USERNAME=Administrator
OS=Windows_NT
PROCESSOR_IDENTIFIER=Intel64 Family 6 Model 61 Stepping 4, GenuineIntel



---------------  S Y S T E M  ---------------

OS: Windows 10.0 , 64 bit Build 16299 (10.0.16299.15)

CPU:total 4 (2 cores per cpu, 2 threads per core) family 6 model 61 stepping 4, cmov, cx8, fxsr, mmx, sse, sse2, sse3, ssse3, sse4.1, sse4.2, popcnt, avx, avx2, aes, clmul, erms, 3dnowpref, lzcnt, ht, tsc, tscinvbit, bmi1, bmi2, adx

Memory: 4k page, physical 12500528k(9825204k free), swap 14990896k(12152620k free)

vm_info: Java HotSpot(TM) 64-Bit Server VM (25.112-b15) for windows-amd64 JRE (1.8.0_112-b15), built on Sep 22 2016 21:31:56 by "java_re" with MS VC++ 10.0 (VS2010)

time: Sat Apr 21 21:30:59 2018
elapsed time: 4 seconds (0d 0h 0m 4s)

